0.000000000000000000e+00
9.961122244488977628e+01
1.992208835341365329e+02
2.988289738430583498e+02
3.984354838709677438e+02
4.980404040404040416e+02
5.976437246963562302e+02
6.971764705882352473e+02
7.967073170731707705e+02
8.962362525458248683e+02
9.957632653061224346e+02
1.095288343558282122e+03
1.194811475409836021e+03
1.294332648870636604e+03
1.393851851851851961e+03
1.493369072164948420e+03
1.592884297520661221e+03
1.692397515527950418e+03
1.791933609958506167e+03
1.891467775467775482e+03
1.991000000000000000e+03
2.090530271398747573e+03
2.190058577405857704e+03
2.289639412997903491e+03
2.389218487394958174e+03
2.488795789473684181e+03
2.588371308016877720e+03
2.687945031712473792e+03
2.787516949152542566e+03
2.887087048832271648e+03
2.986655319148936087e+03
3.086255863539445727e+03
3.185854700854700695e+03
3.285451820128479540e+03
3.385047210300429015e+03
3.484640860215053635e+03
3.584232758620689765e+03
3.683822894168466519e+03
3.783411255411255297e+03
3.883015184381778909e+03
3.982621739130434889e+03
4.082226579520697214e+03
4.181829694323144395e+03
4.281431072210065395e+03
4.381030701754385518e+03
4.480628571428571377e+03
4.580224669603524490e+03
4.679849889624723801e+03
4.779473451327433395e+03
4.879095343680709448e+03
4.978715555555555511e+03
5.078334075723831120e+03
5.177950892857143117e+03
5.277565995525726976e+03
5.377179372197309021e+03
5.476804494382022312e+03
5.576427927927928067e+03
5.676049661399548313e+03
5.775669683257918223e+03
5.875287981859410138e+03
5.974904545454545769e+03
6.074519362186788385e+03
6.174118721461187306e+03
6.273748283752860516e+03
6.373376146788990809e+03
6.473002298850574334e+03
6.572626728110599288e+03
6.672249422632794449e+03
6.771870370370370438e+03
6.871489559164732782e+03
6.971106976744185886e+03
7.070741258741259117e+03
7.170373831775700637e+03
7.270004683840749749e+03
7.369633802816901152e+03
7.469261176470587998e+03
7.568886792452830377e+03
7.668510638297871992e+03
7.768132701421801357e+03
7.867776722090261501e+03
7.967419047619047888e+03
8.067059665871121979e+03
8.166698564593301853e+03
8.266335731414868860e+03
8.365971153846154266e+03
8.465604819277108618e+03
8.565236714975844734e+03
8.664891041162227339e+03
8.764543689320387784e+03
8.864194647201946282e+03
8.963843902439024532e+03
9.063491442542786899e+03
9.163137254901961569e+03
9.262781326781327152e+03
9.362423645320197465e+03
9.462088888888889414e+03
9.561752475247525581e+03
9.661414392059552483e+03
9.761074626865671235e+03
9.860733167082295040e+03
9.960389999999999418e+03
1.006004511278195423e+04
1.015969849246231206e+04
1.025939042821158728e+04
1.035908080808080740e+04
1.045876962025316425e+04
1.055854822335025347e+04
1.065832569974554644e+04
1.075810204081632583e+04
1.085787723785166236e+04
1.095765128205128167e+04
1.105744473007712077e+04
1.115723711340206137e+04
1.125702842377261004e+04
1.135681865284974083e+04
1.145660779220779295e+04
1.155639583333333394e+04
1.165618276762402093e+04
1.175596858638743470e+04
1.185577952755905426e+04
1.195558947368421104e+04
1.205539841688654269e+04
1.215520634920634984e+04
1.225501326259947018e+04
1.235481914893617068e+04
1.245462399999999980e+04
1.255442780748663063e+04
1.265426809651474468e+04
1.275410752688172033e+04
1.285394609164420399e+04
1.295378378378378329e+04
1.305362059620596119e+04
1.315345652173913004e+04
1.325335149863760307e+04
1.335324590163934408e+04
1.345316712328767062e+04
1.355308791208791263e+04
1.365300826446280917e+04
1.375292817679557993e+04
1.385284764542936318e+04
1.395276666666666642e+04
1.405268523676880250e+04
1.415260335195530752e+04
1.425252100840336061e+04
1.435243820224719093e+04
1.445235492957746465e+04
1.455227118644067741e+04
1.465218696883852681e+04
1.475210227272727207e+04
1.485201709401709377e+04
1.495182285714285717e+04
1.505162750716332448e+04
1.515143103448275906e+04
1.525123342939481336e+04
1.535103468208092454e+04
1.545084637681159438e+04
1.555065697674418516e+04
1.565046647230320741e+04
1.575027485380116923e+04
1.585008211143695007e+04
1.594988823529411820e+04
1.604969321533923357e+04
1.614949704142011797e+04
1.624929970326409421e+04
1.634910119047619082e+04
1.644890149253731215e+04
1.654880838323353237e+04
1.664871471471471523e+04
1.674862048192771181e+04
1.684852567975830971e+04
1.694843030303030173e+04
1.704833434650455820e+04
1.714823780487804834e+04
1.724814067278287621e+04
1.734804294478527663e+04
1.744794461538461474e+04
1.754784567901234550e+04
1.764775232198142476e+04
1.774765838509316745e+04
1.784756386292834941e+04
1.794746875000000000e+04
1.804737304075235079e+04
1.814737735849056480e+04
1.824738170347003324e+04
1.834738607594936548e+04
1.844739047619047778e+04
1.854739490445859701e+04
1.864739936102236243e+04
1.874740384615384755e+04
1.884740836012861837e+04
1.894741290322580608e+04
1.904741747572815439e+04
1.914742207792207773e+04
1.924742671009771948e+04
1.934743137254902103e+04
1.944743606557376916e+04
1.954744078947368325e+04
1.964744554455445541e+04
1.974755629139072698e+04
1.984767441860465260e+04
1.994779333333333489e+04
2.004791304347826008e+04
2.014803355704697969e+04
2.024815488215488222e+04
2.034827702702702663e+04
2.044840000000000146e+04
2.054852380952380918e+04
2.064864846416382352e+04
2.074877397260273938e+04
2.084890034364261010e+04
2.094902758620689565e+04
2.104915570934256175e+04
2.114928472222222263e+04
2.124941463414634200e+04
2.134967132867132750e+04
2.144992982456140453e+04
2.155019014084507216e+04
2.165045229681978890e+04
2.175071631205673839e+04
2.185098220640569343e+04
2.195125000000000000e+04
2.205150537634408465e+04
2.215176258992805742e+04
2.225202166064981793e+04
2.235228260869565202e+04
2.245254545454545587e+04
2.255281021897810206e+04
2.265307692307692196e+04
2.275334558823529369e+04
2.285343911439114527e+04
2.295353333333333285e+04
2.305362825278810487e+04
2.315372388059701552e+04
2.325382022471910022e+04
2.335391729323308391e+04
2.345401509433962201e+04
2.355411363636363603e+04
2.365421292775665279e+04
2.375431297709923820e+04
2.385441379310344928e+04
2.395451538461538439e+04
2.405461776061775890e+04
2.415472093023255729e+04
2.425467704280155522e+04
2.435450000000000000e+04
2.445432156862745251e+04
2.455414173228346408e+04
2.465396047430830004e+04
2.475377777777777737e+04
2.485359362549800790e+04
2.495340799999999945e+04
2.505322088353413710e+04
2.515303225806451519e+04
2.525284210526315655e+04
2.535265040650406445e+04
2.545245714285714348e+04
2.555226229508196775e+04
2.565206584362139984e+04
2.575172727272727207e+04
2.585122821576763454e+04
2.595072499999999854e+04
2.605021757322175836e+04
2.614970588235294053e+04
2.624918987341772299e+04
2.634866949152542293e+04
2.644814468085106273e+04
2.654761538461538294e+04
2.664708154506437859e+04
2.674654310344827536e+04
2.684600000000000000e+04
2.694545217391304323e+04
2.704489956331877693e+04
2.714434210526315655e+04
2.724356828193832553e+04
2.734278761061947080e+04
2.744200000000000000e+04
2.754120535714285870e+04
2.764040358744394689e+04
2.773959459459459322e+04
2.783877828054298516e+04
2.793795454545454413e+04
2.803710502283104870e+04
2.813624770642201838e+04
2.823538248847926297e+04
2.833450925925925912e+04
2.843362790697674427e+04
2.853273831775700819e+04
2.863184037558685304e+04
2.873110377358490587e+04
2.883036018957346096e+04
2.892960952380952222e+04
2.902885167464114784e+04
2.912808653846153902e+04
2.922731400966183719e+04
2.932653398058252424e+04
2.942574634146341486e+04
2.952495098039215736e+04
2.962414778325123189e+04
2.972333663366336623e+04
2.982251741293532177e+04
2.992168999999999869e+04
3.002085427135678401e+04
3.012001010101010252e+04
3.021916751269035376e+04
3.031847959183673447e+04
3.041778461538461488e+04
3.051708247422680506e+04
3.061637305699482022e+04
3.071565625000000000e+04
3.081493193717277609e+04
3.091420000000000073e+04
3.101346031746031804e+04
3.111271276595744712e+04
3.121195721925133694e+04
3.131119354838709842e+04
3.141042162162162276e+04
3.150964130434782783e+04
3.160885245901639428e+04
3.170805494505494426e+04
3.180724861878453157e+04
3.190661111111110949e+04
3.200596648044692847e+04
3.210531460674157279e+04
3.220465536723163677e+04
3.230398863636363603e+04
3.240332571428571464e+04
3.250265517241379348e+04
3.260197687861271697e+04
3.270129069767441979e+04
3.280059649122806877e+04
3.289989411764706165e+04
3.299918343195266061e+04
3.309846428571428260e+04
3.319773652694610792e+04
3.329700000000000000e+04
3.339625454545454704e+04
3.349571951219512266e+04
3.359517791411042708e+04
3.369462962962962774e+04
3.379407453416148928e+04
3.389351249999999709e+04
3.399294339622641564e+04
3.409236708860759245e+04
3.419178343949044938e+04
3.429119230769230489e+04
3.439059354838709987e+04
3.448998701298701053e+04
3.458939869281045685e+04
3.468880263157894660e+04
3.478819867549668561e+04
3.488758666666666977e+04
3.498696644295301667e+04
3.508608108108107990e+04
3.518518367346938612e+04
3.528427397260274302e+04
3.538335172413793043e+04
3.548241666666666424e+04
3.558146853146853391e+04
3.568050704225352092e+04
3.577953191489361780e+04
3.587854285714285652e+04
3.597753956834532437e+04
3.607652173913043225e+04
3.617548905109488987e+04
3.627444117647058738e+04
3.637337777777777956e+04
3.647229850746268494e+04
3.657127819548872503e+04
3.667024242424242402e+04
3.676935877862595225e+04
3.686846153846153902e+04
3.696755038759690069e+04
3.706662500000000000e+04
3.716568503937008063e+04
3.726473015873015538e+04
3.736387200000000303e+04
3.746300000000000000e+04
3.756211382113821310e+04
3.766121311475410039e+04
3.776029752066115907e+04
3.785936666666666861e+04
3.795842016806722677e+04
3.805745762711864518e+04
3.815656410256410163e+04
3.825565517241378984e+04
3.835473043478260661e+04
3.845378947368421359e+04
3.855283185840708029e+04
3.865185714285714494e+04
3.875086486486486683e+04
3.884985454545454559e+04
3.894889908256880881e+04
3.904792592592592700e+04
3.914693457943925023e+04
3.924592452830188995e+04
3.934489523809523962e+04
3.944419230769230489e+04
3.954347572815533931e+04
3.964274509803921683e+04
3.974215841584158625e+04
3.984155999999999767e+04
3.994094949494949833e+04
4.004032653061224846e+04
4.013969072164948739e+04
4.023904166666666424e+04
4.033837894736842281e+04
4.043770212765957695e+04
4.053711827956989146e+04
4.063652173913043225e+04
4.073591208791208919e+04
4.083528888888889196e+04
4.093465168539325532e+04
4.103400000000000000e+04
4.113333333333333576e+04
4.123265116279069480e+04
4.133207058823529223e+04
4.143147619047619082e+04
4.153086746987951483e+04
4.163024390243902599e+04
4.172960493827160826e+04
4.182894999999999709e+04
4.192827848101266136e+04
4.202758974358974228e+04
4.212701298701298947e+04
4.222642105263158010e+04
4.232581333333333168e+04
4.242518918918918644e+04
4.252454794520547875e+04
4.262388888888889051e+04
4.272321126760563493e+04
4.282251428571428551e+04
4.292191304347826372e+04
4.302129411764705583e+04
4.312065671641790686e+04
4.322000000000000000e+04
4.331932307692307950e+04
4.341862500000000000e+04
4.351790476190476329e+04
4.361716129032258323e+04
4.371662295081967022e+04
4.381596666666666715e+04
4.391528813559321861e+04
4.401458620689655072e+04
4.411385964912280906e+04
4.421310714285714494e+04
4.431232727272727061e+04
4.441151851851851825e+04
4.451079245283018827e+04
4.461003846153846098e+04
4.470925490196078317e+04
4.480844000000000233e+04
4.490759183673469670e+04
4.500670833333333576e+04
4.510578723404255288e+04
4.520482608695652016e+04
4.530413333333333139e+04
4.540340909090908826e+04
4.550265116279069480e+04
4.560185714285714494e+04
4.570102439024390333e+04
4.580015000000000146e+04
4.589923076923076587e+04
4.599831578947368689e+04
4.609756756756756658e+04
4.619677777777778101e+04
4.629594285714285797e+04
4.639505882352941262e+04
4.649412121212121565e+04
4.659312500000000000e+04
4.669206451612903038e+04
4.679093333333333430e+04
4.689027586206896376e+04
4.698957142857142753e+04
4.708881481481481751e+04
4.718800000000000000e+04
4.728712000000000262e+04
4.738616666666666424e+04
4.748513043478260806e+04
4.758400000000000000e+04
4.768400000000000000e+04
4.778400000000000000e+04
4.788400000000000000e+04
4.798400000000000000e+04
4.808400000000000000e+04
4.818475000000000000e+04
4.828559999999999854e+04
4.838657142857142753e+04
4.848769230769230489e+04
4.858900000000000000e+04
4.869054545454545587e+04
4.879240000000000146e+04
4.889466666666666424e+04
4.899750000000000000e+04
4.910114285714285506e+04
4.920600000000000000e+04
4.930600000000000000e+04
4.940600000000000000e+04
4.950600000000000000e+04
4.960600000000000000e+04
4.970600000000000000e+04
